ARM GAS  C:\Users\user\AppData\Local\Temp\ccdzKO4C.s 			page 1


   1              		.cpu cortex-m4
   2              		.eabi_attribute 27, 1
   3              		.eabi_attribute 28, 1
   4              		.eabi_attribute 20, 1
   5              		.eabi_attribute 21, 1
   6              		.eabi_attribute 23, 3
   7              		.eabi_attribute 24, 1
   8              		.eabi_attribute 25, 1
   9              		.eabi_attribute 26, 1
  10              		.eabi_attribute 30, 1
  11              		.eabi_attribute 34, 1
  12              		.eabi_attribute 18, 4
  13              		.file	"Detector.c"
  14              		.text
  15              	.Ltext0:
  16              		.cfi_sections	.debug_frame
  17              		.section	.text.Detector_Init_Param,"ax",%progbits
  18              		.align	1
  19              		.global	Detector_Init_Param
  20              		.arch armv7e-m
  21              		.syntax unified
  22              		.thumb
  23              		.thumb_func
  24              		.fpu fpv4-sp-d16
  26              	Detector_Init_Param:
  27              	.LVL0:
  28              	.LFB3:
  29              		.file 1 "Core/Src/Detector/Code/Detector.c"
   1:Core/Src/Detector/Code/Detector.c **** #include "Detector.h"
   2:Core/Src/Detector/Code/Detector.c **** 
   3:Core/Src/Detector/Code/Detector.c **** static float Detector_Kg =_default_KG;
   4:Core/Src/Detector/Code/Detector.c **** static float Detector_Bg =_default_BG;
   5:Core/Src/Detector/Code/Detector.c **** 
   6:Core/Src/Detector/Code/Detector.c **** // Setting Param Detector
   7:Core/Src/Detector/Code/Detector.c **** void  Detector_Init_Param(float Set_Kg, float Set_Bg) {
  30              		.loc 1 7 55 view -0
  31              		.cfi_startproc
  32              		@ args = 0, pretend = 0, frame = 0
  33              		@ frame_needed = 0, uses_anonymous_args = 0
  34              		@ link register save eliminated.
   8:Core/Src/Detector/Code/Detector.c ****  Detector_Kg = Set_Kg;
  35              		.loc 1 8 2 view .LVU1
  36              		.loc 1 8 14 is_stmt 0 view .LVU2
  37 0000 034B     		ldr	r3, .L2
  38 0002 83ED000A 		vstr.32	s0, [r3]
   9:Core/Src/Detector/Code/Detector.c ****  Detector_Bg = Set_Bg;
  39              		.loc 1 9 2 is_stmt 1 view .LVU3
  40              		.loc 1 9 14 is_stmt 0 view .LVU4
  41 0006 034B     		ldr	r3, .L2+4
  42 0008 C3ED000A 		vstr.32	s1, [r3]
  10:Core/Src/Detector/Code/Detector.c **** }
  43              		.loc 1 10 1 view .LVU5
  44 000c 7047     		bx	lr
  45              	.L3:
  46 000e 00BF     		.align	2
  47              	.L2:
  48 0010 00000000 		.word	.LANCHOR0
ARM GAS  C:\Users\user\AppData\Local\Temp\ccdzKO4C.s 			page 2


  49 0014 00000000 		.word	.LANCHOR1
  50              		.cfi_endproc
  51              	.LFE3:
  53              		.section	.text.Detector_GetuZvValue,"ax",%progbits
  54              		.align	1
  55              		.global	Detector_GetuZvValue
  56              		.syntax unified
  57              		.thumb
  58              		.thumb_func
  59              		.fpu fpv4-sp-d16
  61              	Detector_GetuZvValue:
  62              	.LVL1:
  63              	.LFB4:
  11:Core/Src/Detector/Code/Detector.c **** 
  12:Core/Src/Detector/Code/Detector.c **** // Get Value [uSv/h]
  13:Core/Src/Detector/Code/Detector.c **** float Detector_GetuZvValue(TStatus_Stat* Stat) {
  64              		.loc 1 13 48 is_stmt 1 view -0
  65              		.cfi_startproc
  66              		@ args = 0, pretend = 0, frame = 0
  67              		@ frame_needed = 0, uses_anonymous_args = 0
  68              		@ link register save eliminated.
  14:Core/Src/Detector/Code/Detector.c ****   float DER;
  69              		.loc 1 14 3 view .LVU7
  15:Core/Src/Detector/Code/Detector.c ****   DER  = (Stat->CPS>Detector_Bg) ? (Stat->CPS-Detector_Bg) : (Stat->CPS);
  70              		.loc 1 15 3 view .LVU8
  71              		.loc 1 15 15 is_stmt 0 view .LVU9
  72 0000 D0ED017A 		vldr.32	s15, [r0, #4]
  73              		.loc 1 15 20 view .LVU10
  74 0004 074B     		ldr	r3, .L8
  75 0006 93ED007A 		vldr.32	s14, [r3]
  76              		.loc 1 15 60 view .LVU11
  77 000a F4EEC77A 		vcmpe.f32	s15, s14
  78 000e F1EE10FA 		vmrs	APSR_nzcv, FPSCR
  79 0012 01DD     		ble	.L5
  80              		.loc 1 15 60 discriminator 1 view .LVU12
  81 0014 77EEC77A 		vsub.f32	s15, s15, s14
  82              	.L5:
  83              	.LVL2:
  16:Core/Src/Detector/Code/Detector.c ****   DER *= Detector_Kg;
  84              		.loc 1 16 3 is_stmt 1 discriminator 4 view .LVU13
  85              		.loc 1 16 7 is_stmt 0 discriminator 4 view .LVU14
  86 0018 034B     		ldr	r3, .L8+4
  87 001a 93ED000A 		vldr.32	s0, [r3]
  88              	.LVL3:
  17:Core/Src/Detector/Code/Detector.c ****   return DER; // [uSv/h]
  89              		.loc 1 17 3 is_stmt 1 discriminator 4 view .LVU15
  18:Core/Src/Detector/Code/Detector.c **** }
  90              		.loc 1 18 1 is_stmt 0 discriminator 4 view .LVU16
  91 001e 27EE800A 		vmul.f32	s0, s15, s0
  92              	.LVL4:
  93              		.loc 1 18 1 discriminator 4 view .LVU17
  94 0022 7047     		bx	lr
  95              	.L9:
  96              		.align	2
  97              	.L8:
  98 0024 00000000 		.word	.LANCHOR1
  99 0028 00000000 		.word	.LANCHOR0
ARM GAS  C:\Users\user\AppData\Local\Temp\ccdzKO4C.s 			page 3


 100              		.cfi_endproc
 101              	.LFE4:
 103              		.section	.bss.Detector_Bg,"aw",%nobits
 104              		.align	2
 105              		.set	.LANCHOR1,. + 0
 108              	Detector_Bg:
 109 0000 00000000 		.space	4
 110              		.section	.data.Detector_Kg,"aw"
 111              		.align	2
 112              		.set	.LANCHOR0,. + 0
 115              	Detector_Kg:
 116 0000 6FD8B63A 		.word	985061487
 117              		.text
 118              	.Letext0:
 119              		.file 2 "c:\\users\\user\\appdata\\roaming\\code\\user\\globalstorage\\bmd.stm32-for-vscode\\@xpac
 120              		.file 3 "c:\\users\\user\\appdata\\roaming\\code\\user\\globalstorage\\bmd.stm32-for-vscode\\@xpac
 121              		.file 4 "Core/Src/Detector/Code/StatPM.h"
ARM GAS  C:\Users\user\AppData\Local\Temp\ccdzKO4C.s 			page 4


DEFINED SYMBOLS
                            *ABS*:0000000000000000 Detector.c
C:\Users\user\AppData\Local\Temp\ccdzKO4C.s:18     .text.Detector_Init_Param:0000000000000000 $t
C:\Users\user\AppData\Local\Temp\ccdzKO4C.s:26     .text.Detector_Init_Param:0000000000000000 Detector_Init_Param
C:\Users\user\AppData\Local\Temp\ccdzKO4C.s:48     .text.Detector_Init_Param:0000000000000010 $d
C:\Users\user\AppData\Local\Temp\ccdzKO4C.s:54     .text.Detector_GetuZvValue:0000000000000000 $t
C:\Users\user\AppData\Local\Temp\ccdzKO4C.s:61     .text.Detector_GetuZvValue:0000000000000000 Detector_GetuZvValue
C:\Users\user\AppData\Local\Temp\ccdzKO4C.s:98     .text.Detector_GetuZvValue:0000000000000024 $d
C:\Users\user\AppData\Local\Temp\ccdzKO4C.s:104    .bss.Detector_Bg:0000000000000000 $d
C:\Users\user\AppData\Local\Temp\ccdzKO4C.s:108    .bss.Detector_Bg:0000000000000000 Detector_Bg
C:\Users\user\AppData\Local\Temp\ccdzKO4C.s:111    .data.Detector_Kg:0000000000000000 $d
C:\Users\user\AppData\Local\Temp\ccdzKO4C.s:115    .data.Detector_Kg:0000000000000000 Detector_Kg

NO UNDEFINED SYMBOLS
