ARM GAS  C:\Users\user\AppData\Local\Temp\ccns3CfG.s 			page 1


   1              		.cpu cortex-m4
   2              		.eabi_attribute 27, 1
   3              		.eabi_attribute 28, 1
   4              		.eabi_attribute 20, 1
   5              		.eabi_attribute 21, 1
   6              		.eabi_attribute 23, 3
   7              		.eabi_attribute 24, 1
   8              		.eabi_attribute 25, 1
   9              		.eabi_attribute 26, 1
  10              		.eabi_attribute 30, 1
  11              		.eabi_attribute 34, 1
  12              		.eabi_attribute 18, 4
  13              		.file	"StatPM.c"
  14              		.text
  15              	.Ltext0:
  16              		.cfi_sections	.debug_frame
  17              		.section	.text.Stat_Init,"ax",%progbits
  18              		.align	1
  19              		.global	Stat_Init
  20              		.arch armv7e-m
  21              		.syntax unified
  22              		.thumb
  23              		.thumb_func
  24              		.fpu fpv4-sp-d16
  26              	Stat_Init:
  27              	.LVL0:
  28              	.LFB3:
  29              		.file 1 "Core/Src/Detector/Code/StatPM.c"
   1:Core/Src/Detector/Code/StatPM.c **** #include "StatPM.h"
   2:Core/Src/Detector/Code/StatPM.c **** #include "stat.h"
   3:Core/Src/Detector/Code/StatPM.c **** #include "FindX.h"
   4:Core/Src/Detector/Code/StatPM.c **** 
   5:Core/Src/Detector/Code/StatPM.c **** ////////////////////////////////////////////////////////////////////////////////
   6:Core/Src/Detector/Code/StatPM.c **** // Function                                                                   //
   7:Core/Src/Detector/Code/StatPM.c **** ////////////////////////////////////////////////////////////////////////////////
   8:Core/Src/Detector/Code/StatPM.c **** 
   9:Core/Src/Detector/Code/StatPM.c **** static float  CPS;
  10:Core/Src/Detector/Code/StatPM.c **** static int8_t Delta;
  11:Core/Src/Detector/Code/StatPM.c **** uint16_t FindChange=0;
  12:Core/Src/Detector/Code/StatPM.c **** 
  13:Core/Src/Detector/Code/StatPM.c **** // Stat
  14:Core/Src/Detector/Code/StatPM.c **** void Stat_Init(float nSigm, uint16_t tCall, float tau) {
  30              		.loc 1 14 56 view -0
  31              		.cfi_startproc
  32              		@ args = 0, pretend = 0, frame = 0
  33              		@ frame_needed = 0, uses_anonymous_args = 0
  34              		.loc 1 14 56 is_stmt 0 view .LVU1
  35 0000 08B5     		push	{r3, lr}
  36              	.LCFI0:
  37              		.cfi_def_cfa_offset 8
  38              		.cfi_offset 3, -8
  39              		.cfi_offset 14, -4
  40 0002 2DED028B 		vpush.64	{d8}
  41              	.LCFI1:
  42              		.cfi_def_cfa_offset 16
  43              		.cfi_offset 80, -16
  44              		.cfi_offset 81, -12
ARM GAS  C:\Users\user\AppData\Local\Temp\ccns3CfG.s 			page 2


  45 0006 07EE900A 		vmov	s15, r0	@ int
  46 000a B0EE608A 		vmov.f32	s16, s1
  15:Core/Src/Detector/Code/StatPM.c ****   float timen = (float) tCall/TimeBase_Sec;
  47              		.loc 1 15 3 is_stmt 1 view .LVU2
  48              		.loc 1 15 17 is_stmt 0 view .LVU3
  49 000e F8EE677A 		vcvt.f32.u32	s15, s15
  50              		.loc 1 15 9 view .LVU4
  51 0012 B1EE007A 		vmov.f32	s14, #4.0e+0
  52 0016 67EE877A 		vmul.f32	s15, s15, s14
  53              	.LVL1:
  16:Core/Src/Detector/Code/StatPM.c ****   uint16_t Time = (uint16_t)timen;
  54              		.loc 1 16 3 is_stmt 1 view .LVU5
  55              		.loc 1 16 12 is_stmt 0 view .LVU6
  56 001a FCEEE77A 		vcvt.u32.f32	s15, s15
  57              	.LVL2:
  17:Core/Src/Detector/Code/StatPM.c ****   FW5_SetPorog(nSigm,Time);
  58              		.loc 1 17 3 is_stmt 1 view .LVU7
  59 001e 17EE903A 		vmov	r3, s15	@ int
  60 0022 98B2     		uxth	r0, r3
  61              	.LVL3:
  62              		.loc 1 17 3 is_stmt 0 view .LVU8
  63 0024 FFF7FEFF 		bl	FW5_SetPorog
  64              	.LVL4:
  18:Core/Src/Detector/Code/StatPM.c ****   stat_SetDeatTime(tau);
  65              		.loc 1 18 3 is_stmt 1 view .LVU9
  66 0028 B0EE480A 		vmov.f32	s0, s16
  67 002c FFF7FEFF 		bl	stat_SetDeatTime
  68              	.LVL5:
  19:Core/Src/Detector/Code/StatPM.c ****   FW5_Calibration( );
  69              		.loc 1 19 3 view .LVU10
  70 0030 FFF7FEFF 		bl	FW5_Calibration
  71              	.LVL6:
  20:Core/Src/Detector/Code/StatPM.c **** }
  72              		.loc 1 20 1 is_stmt 0 view .LVU11
  73 0034 BDEC028B 		vldm	sp!, {d8}
  74              	.LCFI2:
  75              		.cfi_restore 80
  76              		.cfi_restore 81
  77              		.cfi_def_cfa_offset 8
  78              	.LVL7:
  79              		.loc 1 20 1 view .LVU12
  80 0038 08BD     		pop	{r3, pc}
  81              		.cfi_endproc
  82              	.LFE3:
  84              		.section	.text.Stat_Reset,"ax",%progbits
  85              		.align	1
  86              		.global	Stat_Reset
  87              		.syntax unified
  88              		.thumb
  89              		.thumb_func
  90              		.fpu fpv4-sp-d16
  92              	Stat_Reset:
  93              	.LFB4:
  21:Core/Src/Detector/Code/StatPM.c **** 
  22:Core/Src/Detector/Code/StatPM.c **** // Reset Stat
  23:Core/Src/Detector/Code/StatPM.c **** void Stat_Reset(void) {
  94              		.loc 1 23 23 is_stmt 1 view -0
ARM GAS  C:\Users\user\AppData\Local\Temp\ccns3CfG.s 			page 3


  95              		.cfi_startproc
  96              		@ args = 0, pretend = 0, frame = 0
  97              		@ frame_needed = 0, uses_anonymous_args = 0
  98 0000 08B5     		push	{r3, lr}
  99              	.LCFI3:
 100              		.cfi_def_cfa_offset 8
 101              		.cfi_offset 3, -8
 102              		.cfi_offset 14, -4
  24:Core/Src/Detector/Code/StatPM.c ****  stat_reset ( );
 103              		.loc 1 24 2 view .LVU14
 104 0002 FFF7FEFF 		bl	stat_reset
 105              	.LVL8:
  25:Core/Src/Detector/Code/StatPM.c **** }
 106              		.loc 1 25 1 is_stmt 0 view .LVU15
 107 0006 08BD     		pop	{r3, pc}
 108              		.cfi_endproc
 109              	.LFE4:
 111              		.section	.text.Stat_Start_Call,"ax",%progbits
 112              		.align	1
 113              		.global	Stat_Start_Call
 114              		.syntax unified
 115              		.thumb
 116              		.thumb_func
 117              		.fpu fpv4-sp-d16
 119              	Stat_Start_Call:
 120              	.LFB5:
  26:Core/Src/Detector/Code/StatPM.c **** 
  27:Core/Src/Detector/Code/StatPM.c **** // Start Callibration
  28:Core/Src/Detector/Code/StatPM.c **** void Stat_Start_Call(void) {
 121              		.loc 1 28 28 is_stmt 1 view -0
 122              		.cfi_startproc
 123              		@ args = 0, pretend = 0, frame = 0
 124              		@ frame_needed = 0, uses_anonymous_args = 0
 125 0000 08B5     		push	{r3, lr}
 126              	.LCFI4:
 127              		.cfi_def_cfa_offset 8
 128              		.cfi_offset 3, -8
 129              		.cfi_offset 14, -4
  29:Core/Src/Detector/Code/StatPM.c ****  FW5_Calibration( );
 130              		.loc 1 29 2 view .LVU17
 131 0002 FFF7FEFF 		bl	FW5_Calibration
 132              	.LVL9:
  30:Core/Src/Detector/Code/StatPM.c **** }
 133              		.loc 1 30 1 is_stmt 0 view .LVU18
 134 0006 08BD     		pop	{r3, pc}
 135              		.cfi_endproc
 136              	.LFE5:
 138              		.section	.text.Stat_AddData250ms,"ax",%progbits
 139              		.align	1
 140              		.global	Stat_AddData250ms
 141              		.syntax unified
 142              		.thumb
 143              		.thumb_func
 144              		.fpu fpv4-sp-d16
 146              	Stat_AddData250ms:
 147              	.LVL10:
 148              	.LFB6:
ARM GAS  C:\Users\user\AppData\Local\Temp\ccns3CfG.s 			page 4


  31:Core/Src/Detector/Code/StatPM.c **** 
  32:Core/Src/Detector/Code/StatPM.c **** // Add Data
  33:Core/Src/Detector/Code/StatPM.c **** void Stat_AddData250ms(int32_t Ni) {
 149              		.loc 1 33 36 is_stmt 1 view -0
 150              		.cfi_startproc
 151              		@ args = 0, pretend = 0, frame = 0
 152              		@ frame_needed = 0, uses_anonymous_args = 0
 153              		.loc 1 33 36 is_stmt 0 view .LVU20
 154 0000 10B5     		push	{r4, lr}
 155              	.LCFI5:
 156              		.cfi_def_cfa_offset 8
 157              		.cfi_offset 4, -8
 158              		.cfi_offset 14, -4
 159 0002 0446     		mov	r4, r0
  34:Core/Src/Detector/Code/StatPM.c ****   //  Add Data
  35:Core/Src/Detector/Code/StatPM.c ****   stat_add((stat_pulses_t)Ni,(stat_time_t)TimeBase);
 160              		.loc 1 35 3 is_stmt 1 view .LVU21
 161 0004 44F62062 		movw	r2, #20000
 162 0008 0023     		movs	r3, #0
 163 000a FFF7FEFF 		bl	stat_add
 164              	.LVL11:
  36:Core/Src/Detector/Code/StatPM.c ****   stat_check(0x01);
 165              		.loc 1 36 3 view .LVU22
 166 000e 0120     		movs	r0, #1
 167 0010 FFF7FEFF 		bl	stat_check
 168              	.LVL12:
  37:Core/Src/Detector/Code/StatPM.c ****   // Find
  38:Core/Src/Detector/Code/StatPM.c ****   FW5_Write(Ni);
 169              		.loc 1 38 3 view .LVU23
 170 0014 2046     		mov	r0, r4
 171 0016 FFF7FEFF 		bl	FW5_Write
 172              	.LVL13:
  39:Core/Src/Detector/Code/StatPM.c ****   FW5_Read( );
 173              		.loc 1 39 3 view .LVU24
 174 001a FFF7FEFF 		bl	FW5_Read
 175              	.LVL14:
  40:Core/Src/Detector/Code/StatPM.c ****   FindChange = 1;
 176              		.loc 1 40 3 view .LVU25
 177              		.loc 1 40 14 is_stmt 0 view .LVU26
 178 001e 024B     		ldr	r3, .L9
 179 0020 0122     		movs	r2, #1
 180 0022 1A80     		strh	r2, [r3]	@ movhi
  41:Core/Src/Detector/Code/StatPM.c **** }
 181              		.loc 1 41 1 view .LVU27
 182 0024 10BD     		pop	{r4, pc}
 183              	.LVL15:
 184              	.L10:
 185              		.loc 1 41 1 view .LVU28
 186 0026 00BF     		.align	2
 187              	.L9:
 188 0028 00000000 		.word	.LANCHOR0
 189              		.cfi_endproc
 190              	.LFE6:
 192              		.section	.text.Stat_GetStatus,"ax",%progbits
 193              		.align	1
 194              		.global	Stat_GetStatus
 195              		.syntax unified
ARM GAS  C:\Users\user\AppData\Local\Temp\ccns3CfG.s 			page 5


 196              		.thumb
 197              		.thumb_func
 198              		.fpu fpv4-sp-d16
 200              	Stat_GetStatus:
 201              	.LVL16:
 202              	.LFB7:
  42:Core/Src/Detector/Code/StatPM.c **** 
  43:Core/Src/Detector/Code/StatPM.c **** // Get Status
  44:Core/Src/Detector/Code/StatPM.c **** void Stat_GetStatus(TStatus_Stat *Status) {
 203              		.loc 1 44 43 is_stmt 1 view -0
 204              		.cfi_startproc
 205              		@ args = 0, pretend = 0, frame = 8
 206              		@ frame_needed = 0, uses_anonymous_args = 0
 207              		.loc 1 44 43 is_stmt 0 view .LVU30
 208 0000 70B5     		push	{r4, r5, r6, lr}
 209              	.LCFI6:
 210              		.cfi_def_cfa_offset 16
 211              		.cfi_offset 4, -16
 212              		.cfi_offset 5, -12
 213              		.cfi_offset 6, -8
 214              		.cfi_offset 14, -4
 215 0002 82B0     		sub	sp, sp, #8
 216              	.LCFI7:
 217              		.cfi_def_cfa_offset 24
 218 0004 0446     		mov	r4, r0
  45:Core/Src/Detector/Code/StatPM.c **** 
  46:Core/Src/Detector/Code/StatPM.c ****    float Kmax;
 219              		.loc 1 46 4 is_stmt 1 view .LVU31
  47:Core/Src/Detector/Code/StatPM.c ****    uint16_t Temp=0;
 220              		.loc 1 47 4 view .LVU32
 221              		.loc 1 47 13 is_stmt 0 view .LVU33
 222 0006 0023     		movs	r3, #0
 223 0008 ADF80230 		strh	r3, [sp, #2]	@ movhi
  48:Core/Src/Detector/Code/StatPM.c **** 
  49:Core/Src/Detector/Code/StatPM.c ****    // Measure
  50:Core/Src/Detector/Code/StatPM.c ****    stat_calc_cps(&CPS,&Delta);
 224              		.loc 1 50 4 is_stmt 1 view .LVU34
 225 000c 1A4D     		ldr	r5, .L17
 226 000e 1B4E     		ldr	r6, .L17+4
 227 0010 2946     		mov	r1, r5
 228 0012 3046     		mov	r0, r6
 229              	.LVL17:
 230              		.loc 1 50 4 is_stmt 0 view .LVU35
 231 0014 FFF7FEFF 		bl	stat_calc_cps
 232              	.LVL18:
  51:Core/Src/Detector/Code/StatPM.c **** 
  52:Core/Src/Detector/Code/StatPM.c ****    Status->CPS   = CPS;
 233              		.loc 1 52 4 is_stmt 1 view .LVU36
 234              		.loc 1 52 18 is_stmt 0 view .LVU37
 235 0018 3368     		ldr	r3, [r6]	@ float
 236 001a 6360     		str	r3, [r4, #4]	@ float
  53:Core/Src/Detector/Code/StatPM.c ****    Status->Delta = Delta;
 237              		.loc 1 53 4 is_stmt 1 view .LVU38
 238              		.loc 1 53 18 is_stmt 0 view .LVU39
 239 001c 2B78     		ldrb	r3, [r5]	@ zero_extendqisi2
 240 001e 2372     		strb	r3, [r4, #8]
  54:Core/Src/Detector/Code/StatPM.c **** 
ARM GAS  C:\Users\user\AppData\Local\Temp\ccns3CfG.s 			page 6


  55:Core/Src/Detector/Code/StatPM.c ****    // Find
  56:Core/Src/Detector/Code/StatPM.c ****    if  (FindChange==1) {
 241              		.loc 1 56 4 is_stmt 1 view .LVU40
 242              		.loc 1 56 19 is_stmt 0 view .LVU41
 243 0020 174B     		ldr	r3, .L17+8
 244 0022 1B88     		ldrh	r3, [r3]
 245              		.loc 1 56 8 view .LVU42
 246 0024 012B     		cmp	r3, #1
 247 0026 01D0     		beq	.L16
 248              	.L11:
  57:Core/Src/Detector/Code/StatPM.c ****           FindChange=0;
  58:Core/Src/Detector/Code/StatPM.c ****           if (FW5_G5Find(&Temp,&Kmax)) {
  59:Core/Src/Detector/Code/StatPM.c ****              Status->Status &=~St_Call;
  60:Core/Src/Detector/Code/StatPM.c ****              if (Temp>0) {
  61:Core/Src/Detector/Code/StatPM.c ****                   Status->Status |= St_Alarm;
  62:Core/Src/Detector/Code/StatPM.c ****                   Status->nSigm   = Kmax;
  63:Core/Src/Detector/Code/StatPM.c ****              } else {
  64:Core/Src/Detector/Code/StatPM.c ****                  Status->Status &=  ~St_Alarm;
  65:Core/Src/Detector/Code/StatPM.c ****                  Status->nSigm = 0;
  66:Core/Src/Detector/Code/StatPM.c ****                }
  67:Core/Src/Detector/Code/StatPM.c ****           } else Status->Status |=St_Call;;
  68:Core/Src/Detector/Code/StatPM.c ****    }
  69:Core/Src/Detector/Code/StatPM.c **** 
  70:Core/Src/Detector/Code/StatPM.c **** }
 249              		.loc 1 70 1 view .LVU43
 250 0028 02B0     		add	sp, sp, #8
 251              	.LCFI8:
 252              		.cfi_remember_state
 253              		.cfi_def_cfa_offset 16
 254              		@ sp needed
 255 002a 70BD     		pop	{r4, r5, r6, pc}
 256              	.LVL19:
 257              	.L16:
 258              	.LCFI9:
 259              		.cfi_restore_state
  57:Core/Src/Detector/Code/StatPM.c ****           FindChange=0;
 260              		.loc 1 57 11 is_stmt 1 view .LVU44
  57:Core/Src/Detector/Code/StatPM.c ****           FindChange=0;
 261              		.loc 1 57 21 is_stmt 0 view .LVU45
 262 002c 144B     		ldr	r3, .L17+8
 263 002e 0022     		movs	r2, #0
 264 0030 1A80     		strh	r2, [r3]	@ movhi
  58:Core/Src/Detector/Code/StatPM.c ****              Status->Status &=~St_Call;
 265              		.loc 1 58 11 is_stmt 1 view .LVU46
  58:Core/Src/Detector/Code/StatPM.c ****              Status->Status &=~St_Call;
 266              		.loc 1 58 15 is_stmt 0 view .LVU47
 267 0032 01A9     		add	r1, sp, #4
 268 0034 0DF10200 		add	r0, sp, #2
 269 0038 FFF7FEFF 		bl	FW5_G5Find
 270              	.LVL20:
  58:Core/Src/Detector/Code/StatPM.c ****              Status->Status &=~St_Call;
 271              		.loc 1 58 14 view .LVU48
 272 003c B8B1     		cbz	r0, .L13
  59:Core/Src/Detector/Code/StatPM.c ****              if (Temp>0) {
 273              		.loc 1 59 14 is_stmt 1 view .LVU49
  59:Core/Src/Detector/Code/StatPM.c ****              if (Temp>0) {
 274              		.loc 1 59 29 is_stmt 0 view .LVU50
ARM GAS  C:\Users\user\AppData\Local\Temp\ccns3CfG.s 			page 7


 275 003e 2378     		ldrb	r3, [r4]	@ zero_extendqisi2
 276 0040 03F0FD03 		and	r3, r3, #253
 277 0044 2370     		strb	r3, [r4]
  60:Core/Src/Detector/Code/StatPM.c ****                   Status->Status |= St_Alarm;
 278              		.loc 1 60 14 is_stmt 1 view .LVU51
  60:Core/Src/Detector/Code/StatPM.c ****                   Status->Status |= St_Alarm;
 279              		.loc 1 60 22 is_stmt 0 view .LVU52
 280 0046 BDF80220 		ldrh	r2, [sp, #2]
  60:Core/Src/Detector/Code/StatPM.c ****                   Status->Status |= St_Alarm;
 281              		.loc 1 60 17 view .LVU53
 282 004a 52B1     		cbz	r2, .L14
  61:Core/Src/Detector/Code/StatPM.c ****                   Status->nSigm   = Kmax;
 283              		.loc 1 61 19 is_stmt 1 view .LVU54
  61:Core/Src/Detector/Code/StatPM.c ****                   Status->nSigm   = Kmax;
 284              		.loc 1 61 34 is_stmt 0 view .LVU55
 285 004c 43F00103 		orr	r3, r3, #1
 286 0050 2370     		strb	r3, [r4]
  62:Core/Src/Detector/Code/StatPM.c ****              } else {
 287              		.loc 1 62 19 is_stmt 1 view .LVU56
  62:Core/Src/Detector/Code/StatPM.c ****              } else {
 288              		.loc 1 62 35 is_stmt 0 view .LVU57
 289 0052 DDED017A 		vldr.32	s15, [sp, #4]
 290 0056 FCEEE77A 		vcvt.u32.f32	s15, s15
 291 005a 17EE903A 		vmov	r3, s15	@ int
 292 005e 6370     		strb	r3, [r4, #1]
 293 0060 E2E7     		b	.L11
 294              	.L14:
  64:Core/Src/Detector/Code/StatPM.c ****                  Status->nSigm = 0;
 295              		.loc 1 64 18 is_stmt 1 view .LVU58
  64:Core/Src/Detector/Code/StatPM.c ****                  Status->nSigm = 0;
 296              		.loc 1 64 33 is_stmt 0 view .LVU59
 297 0062 23F00103 		bic	r3, r3, #1
 298 0066 2370     		strb	r3, [r4]
  65:Core/Src/Detector/Code/StatPM.c ****                }
 299              		.loc 1 65 18 is_stmt 1 view .LVU60
  65:Core/Src/Detector/Code/StatPM.c ****                }
 300              		.loc 1 65 32 is_stmt 0 view .LVU61
 301 0068 0023     		movs	r3, #0
 302 006a 6370     		strb	r3, [r4, #1]
 303 006c DCE7     		b	.L11
 304              	.L13:
  67:Core/Src/Detector/Code/StatPM.c ****    }
 305              		.loc 1 67 18 is_stmt 1 view .LVU62
  67:Core/Src/Detector/Code/StatPM.c ****    }
 306              		.loc 1 67 33 is_stmt 0 view .LVU63
 307 006e 2378     		ldrb	r3, [r4]	@ zero_extendqisi2
 308 0070 43F00203 		orr	r3, r3, #2
 309 0074 2370     		strb	r3, [r4]
  67:Core/Src/Detector/Code/StatPM.c ****    }
 310              		.loc 1 67 43 is_stmt 1 view .LVU64
 311              		.loc 1 70 1 is_stmt 0 view .LVU65
 312 0076 D7E7     		b	.L11
 313              	.L18:
 314              		.align	2
 315              	.L17:
 316 0078 00000000 		.word	.LANCHOR1
 317 007c 00000000 		.word	.LANCHOR2
ARM GAS  C:\Users\user\AppData\Local\Temp\ccns3CfG.s 			page 8


 318 0080 00000000 		.word	.LANCHOR0
 319              		.cfi_endproc
 320              	.LFE7:
 322              		.global	FindChange
 323              		.section	.bss.CPS,"aw",%nobits
 324              		.align	2
 325              		.set	.LANCHOR2,. + 0
 328              	CPS:
 329 0000 00000000 		.space	4
 330              		.section	.bss.Delta,"aw",%nobits
 331              		.set	.LANCHOR1,. + 0
 334              	Delta:
 335 0000 00       		.space	1
 336              		.section	.bss.FindChange,"aw",%nobits
 337              		.align	1
 338              		.set	.LANCHOR0,. + 0
 341              	FindChange:
 342 0000 0000     		.space	2
 343              		.text
 344              	.Letext0:
 345              		.file 2 "c:\\users\\user\\appdata\\roaming\\code\\user\\globalstorage\\bmd.stm32-for-vscode\\@xpac
 346              		.file 3 "c:\\users\\user\\appdata\\roaming\\code\\user\\globalstorage\\bmd.stm32-for-vscode\\@xpac
 347              		.file 4 "Core/Src/Detector/Code/StatPM.h"
 348              		.file 5 "Core/Src/Detector/Code/stat.h"
 349              		.file 6 "Core/Src/Detector/Code/FindX.h"
ARM GAS  C:\Users\user\AppData\Local\Temp\ccns3CfG.s 			page 9


DEFINED SYMBOLS
                            *ABS*:0000000000000000 StatPM.c
C:\Users\user\AppData\Local\Temp\ccns3CfG.s:18     .text.Stat_Init:0000000000000000 $t
C:\Users\user\AppData\Local\Temp\ccns3CfG.s:26     .text.Stat_Init:0000000000000000 Stat_Init
C:\Users\user\AppData\Local\Temp\ccns3CfG.s:85     .text.Stat_Reset:0000000000000000 $t
C:\Users\user\AppData\Local\Temp\ccns3CfG.s:92     .text.Stat_Reset:0000000000000000 Stat_Reset
C:\Users\user\AppData\Local\Temp\ccns3CfG.s:112    .text.Stat_Start_Call:0000000000000000 $t
C:\Users\user\AppData\Local\Temp\ccns3CfG.s:119    .text.Stat_Start_Call:0000000000000000 Stat_Start_Call
C:\Users\user\AppData\Local\Temp\ccns3CfG.s:139    .text.Stat_AddData250ms:0000000000000000 $t
C:\Users\user\AppData\Local\Temp\ccns3CfG.s:146    .text.Stat_AddData250ms:0000000000000000 Stat_AddData250ms
C:\Users\user\AppData\Local\Temp\ccns3CfG.s:188    .text.Stat_AddData250ms:0000000000000028 $d
C:\Users\user\AppData\Local\Temp\ccns3CfG.s:193    .text.Stat_GetStatus:0000000000000000 $t
C:\Users\user\AppData\Local\Temp\ccns3CfG.s:200    .text.Stat_GetStatus:0000000000000000 Stat_GetStatus
C:\Users\user\AppData\Local\Temp\ccns3CfG.s:316    .text.Stat_GetStatus:0000000000000078 $d
C:\Users\user\AppData\Local\Temp\ccns3CfG.s:341    .bss.FindChange:0000000000000000 FindChange
C:\Users\user\AppData\Local\Temp\ccns3CfG.s:324    .bss.CPS:0000000000000000 $d
C:\Users\user\AppData\Local\Temp\ccns3CfG.s:328    .bss.CPS:0000000000000000 CPS
C:\Users\user\AppData\Local\Temp\ccns3CfG.s:334    .bss.Delta:0000000000000000 Delta
C:\Users\user\AppData\Local\Temp\ccns3CfG.s:335    .bss.Delta:0000000000000000 $d
C:\Users\user\AppData\Local\Temp\ccns3CfG.s:337    .bss.FindChange:0000000000000000 $d

UNDEFINED SYMBOLS
FW5_SetPorog
stat_SetDeatTime
FW5_Calibration
stat_reset
stat_add
stat_check
FW5_Write
FW5_Read
stat_calc_cps
FW5_G5Find
